



```
  0x08048502 <+14>:	mov    $0x80486f0,%edx
   0x08048507 <+19>:	mov    $0x80486f2,%eax
=> 0x0804850c <+24>:	mov    %edx,0x4(%esp)
   0x08048513 <+31>:	call   0x8048410 <fopen@plt>

(gdb) x/s $edx
0x80486f0:	 "r"
(gdb) x/s $eax
0x80486f2:	 "/home/user/end/.pass"

fopen("/home/user/end/.pass", "r")
```

```

 repetitions, stores the contents of eax into where edi points to,
 incrementing or decrementing edi (depending on the direction flag) by 4 bytes each time. 
 
 Each iteration, ecx is decremented by 1, and the loop stops when it reaches zero.
 For stos, the only thing you will observe is that ecx is cleared at the end.
 
 
    0x08048528 <+52>:	mov    $0x21,%edx.    (33)
    0x0804852d <+57>:	mov    %ebx,%edi
    0x0804852f <+59>:	mov    %edx,%ecx
=>  0x08048531 <+61>:	rep stos %eax,%es:(%edi)

ecx            0x21	33
edx            0x21	33

ecx            0x13	19
edx            0x21	33

ecx            0x1	1
edx            0x21	33

ecx            0x0	0
edx            0x21	33
```

```
size_t fread( *ptr, size_t size, size_t nitems, FILE *stream);

    0x0804854d <+89>:	lea    0x18(%esp),%eax
    0x08048551 <+93>:	mov    0x9c(%esp),%edx
    0x08048558 <+100>:	mov    %edx,0xc(%esp)
    0x0804855c <+104>:	movl   $0x42,0x8(%esp)
    0x08048564 <+112>:	movl   $0x1,0x4(%esp)
    0x0804856c <+120>:	mov    %eax,(%esp)
    0x0804856f <+123>:	call   0x80483d0 <fread@plt>


the parameters for the fread function can be identified as follows:

%eax: This is the destination buffer, ptr, where the read data will be stored.

0x42: This is the size of each item to be read, size.

0x1: This is the count of the number of items to be read, count.

%edx: This is the file stream, stream.


```









